
GET /products 11-07-2023_04:52:34
GET /contacts 11-07-2023_04:52:49
GET /books 11-07-2023_04:52:55
GET /books 11-07-2023_05:40:33
GET /book 11-07-2023_05:40:38
GET /book 11-07-2023_05:40:52
GET /book 11-07-2023_05:41:10
GET /book 11-07-2023_05:42:15
GET /book 11-07-2023_05:42:16
GET /books 11-07-2023_05:42:18
GET /books 11-07-2023_05:42:40
GET /books 11-07-2023_05:42:41
GET /books 11-07-2023_05:42:59
GET /book 11-07-2023_05:43:03
GET /book 12-07-2023_11:26:53
GET /books 12-07-2023_11:26:57
GET /books 16-08-2023_06:28:35
GET / 16-08-2023_06:28:53
GET /books 16-08-2023_06:28:59
GET / 16-08-2023_06:29:11
GET /products 16-08-2023_06:29:20